<?xml version="1.0" encoding="UTF-8"?>
<testng-results skipped="0" failed="0" total="2" passed="2">
  <reporter-output>
  </reporter-output>
  <suite name="FREE CRM Application Test Automation Test Suite" duration-ms="19401" started-at="2021-04-10T03:32:58Z" finished-at="2021-04-10T03:33:17Z">
    <groups>
    </groups>
    <test name="Free CRM App Test Cases" duration-ms="19401" started-at="2021-04-10T03:32:58Z" finished-at="2021-04-10T03:33:17Z">
      <class name="com.crm.qa.testcases.LoginPageTest">
        <test-method status="PASS" signature="setUp()[pri:0, instance:com.crm.qa.testcases.LoginPageTest@2133c8f8]" name="setUp" is-config="true" duration-ms="11847" started-at="2021-04-10T09:02:58Z" finished-at="2021-04-10T09:03:10Z">
          <reporter-output>
          </reporter-output>
        </test-method> <!-- setUp -->
        <test-method status="PASS" signature="loginPageTitleTest()[pri:1, instance:com.crm.qa.testcases.LoginPageTest@2133c8f8]" name="loginPageTitleTest" duration-ms="50" started-at="2021-04-10T09:03:10Z" finished-at="2021-04-10T09:03:10Z">
          <reporter-output>
          </reporter-output>
        </test-method> <!-- loginPageTitleTest -->
        <test-method status="PASS" signature="tearDown()[pri:0, instance:com.crm.qa.testcases.LoginPageTest@2133c8f8]" name="tearDown" is-config="true" duration-ms="816" started-at="2021-04-10T09:03:10Z" finished-at="2021-04-10T09:03:11Z">
          <reporter-output>
          </reporter-output>
        </test-method> <!-- tearDown -->
        <test-method status="PASS" signature="setUp()[pri:0, instance:com.crm.qa.testcases.LoginPageTest@2133c8f8]" name="setUp" is-config="true" duration-ms="5724" started-at="2021-04-10T09:03:11Z" finished-at="2021-04-10T09:03:16Z">
          <reporter-output>
          </reporter-output>
        </test-method> <!-- setUp -->
        <test-method status="PASS" signature="crmLogoImageTest()[pri:2, instance:com.crm.qa.testcases.LoginPageTest@2133c8f8]" name="crmLogoImageTest" duration-ms="92" started-at="2021-04-10T09:03:16Z" finished-at="2021-04-10T09:03:16Z">
          <reporter-output>
          </reporter-output>
        </test-method> <!-- crmLogoImageTest -->
        <test-method status="PASS" signature="tearDown()[pri:0, instance:com.crm.qa.testcases.LoginPageTest@2133c8f8]" name="tearDown" is-config="true" duration-ms="851" started-at="2021-04-10T09:03:16Z" finished-at="2021-04-10T09:03:17Z">
          <reporter-output>
          </reporter-output>
        </test-method> <!-- tearDown -->
      </class> <!-- com.crm.qa.testcases.LoginPageTest -->
    </test> <!-- Free CRM App Test Cases -->
  </suite> <!-- FREE CRM Application Test Automation Test Suite -->
</testng-results>
